Arguments: 
  /Users/ian/.nvm/versions/node/v16.19.1/bin/node /usr/local/Cellar/yarn/1.22.19/libexec/bin/yarn.js install

PATH: 
  /Users/ian/.nvm/versions/node/v16.19.1/bin:/usr/local/bin:/System/Cryptexes/App/usr/bin:/usr/bin:/bin:/usr/sbin:/sbin:/opt/X11/bin:/Library/Apple/usr/bin:/Library/Frameworks/Mono.framework/Versions/Current/Commands:/Applications/Wireshark.app/Contents/MacOS:/Users/ian/.nvm/versions/node/v16.19.1/bin

Yarn version: 
  1.22.19

Node version: 
  16.19.1

Platform: 
  darwin x64

Trace: 
  Error: https://registry.yarnpkg.com/@domatic%2fquery: Not found
      at Request.params.callback [as _callback] (/usr/local/Cellar/yarn/1.22.19/libexec/lib/cli.js:66145:18)
      at Request.self.callback (/usr/local/Cellar/yarn/1.22.19/libexec/lib/cli.js:140890:22)
      at Request.emit (node:events:513:28)
      at Request.<anonymous> (/usr/local/Cellar/yarn/1.22.19/libexec/lib/cli.js:141862:10)
      at Request.emit (node:events:513:28)
      at IncomingMessage.<anonymous> (/usr/local/Cellar/yarn/1.22.19/libexec/lib/cli.js:141784:12)
      at Object.onceWrapper (node:events:627:28)
      at IncomingMessage.emit (node:events:525:35)
      at endReadableNT (node:internal/streams/readable:1358:12)
      at processTicksAndRejections (node:internal/process/task_queues:83:21)

npm manifest: 
  {
      "name": "cloud-demo",
      "version": "1.0.0",
      "main": "node_modules/expo/AppEntry.js",
      "homepage": "/cloud",
      "scripts": {
          "start": "npx expo start",
          "android": "npx expo start --android",
          "ios": "npx expo start --ios",
          "web": "npx expo start --web",
          "foo": "npx expo --version",
          "build-web": "npx expo export:web"
      },
      "dependencies": {
          "@expo/config-plugins": "~6.0.0",
          "@expo/dev-server": "^0.2.3",
          "@expo/prebuild-config": "~6.0.0",
          "@expo/webpack-config": "^18.0.1",
          "expo": "^48.0.6",
          "expo-modules-autolinking": "~1.1.0",
          "expo-status-bar": "~1.4.4",
          "prop-types": "^15.8.1",
          "react": "^18.2.0",
          "react-dom": "^18.2.0",
          "react-native": "0.71.3",
          "react-native-screens": "^3.20.0",
          "react-native-svg": "13.4.0",
          "react-native-web": "~0.18.12"
      },
      "devDependencies": {
          "@domatic/query": "1.0.0",
          "@react-navigation/bottom-tabs": "^6.5.4",
          "@react-navigation/native": "^6.1.3",
          "@react-navigation/native-stack": "^6.9.9",
          "@rneui/base": "^4.0.0-rc.7",
          "@rneui/themed": "^4.0.0-rc.7",
          "react-native-paper": "^5.2.0",
          "react-native-safe-area-context": "^4.3.1",
          "react-native-vector-icons": "^9.2.0",
          "react-query": "^3.39.2",
          "uuid": "^9.0.0"
      },
      "private": true
  }

yarn manifest: 
  No manifest

Lockfile: 
  # THIS IS AN AUTOGENERATED FILE. DO NOT EDIT THIS FILE DIRECTLY.
  # yarn lockfile v1
